ALA  68.75
3
19
63
70
100
113
122
117
182
27
ARG 141.36
4
9
35
46
77
79
55
25
9
1
ASN  93.73
2
25
67
87
103
81
63
58
30
4
ASP  89.79
3
33
77
110
137
100
62
58
38
5
CYS  86.16
0
1
2
6
19
19
37
54
64
6
GLN 110.16
2
10
35
72
77
51
53
44
19
2
GLU 106.56
9
19
56
95
115
87
53
36
23
2
GLY  53.83
9
49
110
120
142
91
106
105
138
27
HIS 120.45
1
4
11
21
21
53
41
26
21
1
ILE 113.40
0
1
9
15
32
71
77
130
204
6
LEU 114.06
3
4
18
19
55
74
110
186
233
11
LYS 124.06
8
35
92
161
135
95
43
17
7
0
MET 119.68
1
2
5
9
23
22
16
39
49
8
PHE 141.51
2
0
6
14
13
47
71
99
126
5
PRO  92.00
1
25
47
69
82
61
47
42
23
2
SER  73.96
12
52
106
128
121
91
97
87
81
21
THR  90.10
5
19
34
88
111
114
89
70
78
7
TRP 167.43
1
0
1
6
14
12
30
38
42
2
TYR 146.55
1
1
11
33
51
69
76
101
60
1
VAL  97.74
1
6
12
45
52
91
112
156
223
17
